Using pre-set license
Built from '2020.3/staging' branch; Version is '2020.3.8f1 (507919d4fff5) revision 5273881'; Using compiler version '192528614'; Build Type 'Release'
OS: 'Windows 10 Pro N; OS build 19043.1052; Version 2009; 64bit' Language: 'en' Physical Memory: 6092 MB
BatchMode: 1, IsHumanControllingUs: 0, StartBugReporterOnCrash: 0, Is64bit: 1, IsPro: 0

 COMMAND LINE ARGUMENTS:
D:\UnityProjects\2020.3.8f1\Editor\Unity.exe
-adb2
-batchMode
-noUpm
-name
AssetImportWorker0
-projectPath
D:/UnityProjects/BrickBreaker
-logFile
Logs/AssetImportWorker0.log
-srvPort
54265
Successfully changed project path to: D:/UnityProjects/BrickBreaker
D:/UnityProjects/BrickBreaker
Using Asset Import Pipeline V2.
Refreshing native plugins compatible for Editor in 45.09 ms, found 1 plugins.
Preloading 0 native plugins for Editor in 0.00 ms.
Initialize engine version: 2020.3.8f1 (507919d4fff5)
[Subsystems] Discovering subsystems at path D:/UnityProjects/2020.3.8f1/Editor/Data/Resources/UnitySubsystems
[Subsystems] Discovering subsystems at path D:/UnityProjects/BrickBreaker/Assets
GfxDevice: creating device client; threaded=0
Direct3D:
    Version:  Direct3D 11.0 [level 11.1]
    Renderer: AMD Radeon(TM) Vega 8 Graphics (ID=0x15d8)
    Vendor:   
    VRAM:     3046 MB
    Driver:   27.20.1034.6
Initialize mono
Mono path[0] = 'D:/UnityProjects/2020.3.8f1/Editor/Data/Managed'
Mono path[1] = 'D:/UnityProjects/2020.3.8f1/Editor/Data/MonoBleedingEdge/lib/mono/unityjit'
Mono config path = 'D:/UnityProjects/2020.3.8f1/Editor/Data/MonoBleedingEdge/etc'
Using monoOptions --debugger-agent=transport=dt_socket,embedding=1,server=y,suspend=n,address=127.0.0.1:56880
Begin MonoManager ReloadAssembly
Registering precompiled unity dll's ...
Register platform support module: D:/UnityProjects/2020.3.8f1/Editor/Data/PlaybackEngines/WebGLSupport/UnityEditor.WebGL.Extensions.dll
Register platform support module: D:/UnityProjects/2020.3.8f1/Editor/Data/PlaybackEngines/WindowsStandaloneSupport/UnityEditor.WindowsStandalone.Extensions.dll
Registered in 0.001596 seconds.
Native extension for WindowsStandalone target not found
Native extension for WebGL target not found
Refreshing native plugins compatible for Editor in 45.03 ms, found 1 plugins.
Preloading 0 native plugins for Editor in 0.00 ms.
Mono: successfully reloaded assembly
- Completed reload, in  2.086 seconds
Platform modules already initialized, skipping
Registering precompiled user dll's ...
Registered in 0.000904 seconds.
Begin MonoManager ReloadAssembly
Native extension for WindowsStandalone target not found
Native extension for WebGL target not found
Refreshing native plugins compatible for Editor in 44.23 ms, found 1 plugins.
Preloading 0 native plugins for Editor in 0.00 ms.
Mono: successfully reloaded assembly
- Completed reload, in  1.137 seconds
Platform modules already initialized, skipping
========================================================================
Worker process is ready to serve import requests
Launched and connected shader compiler UnityShaderCompiler.exe after 0.08 seconds
Refreshing native plugins compatible for Editor in 0.45 ms, found 1 plugins.
Preloading 0 native plugins for Editor in 0.00 ms.
Unloading 1812 Unused Serialized files (Serialized files now loaded: 0)
System memory in use before: 97.4 MB.
System memory in use after: 97.3 MB.

Unloading 24 unused Assets to reduce memory usage. Loaded Objects now: 2272.
Total: 2.923900 ms (FindLiveObjects: 0.217800 ms CreateObjectMapping: 0.058000 ms MarkObjects: 2.478800 ms  DeleteObjects: 0.167400 ms)

========================================================================
Received Import Request.
  path: Assets/Scenes/SampleScene.unity
  artifactKey: Guid(2cda990e2423bbf4892e6590ba056729) Importer(815301076,1909f56bfc062723c751e8b465ee728b)
Start importing Assets/Scenes/SampleScene.unity using Guid(2cda990e2423bbf4892e6590ba056729) Importer(815301076,1909f56bfc062723c751e8b465ee728b)  -> (artifact id: 'ea031de73ae7caddc68433fd60f23bbc') in 0.040506 seconds
  Import took 0.065260 seconds .

========================================================================
Received Import Request.
  Time since last request: 34.238058 seconds.
  path: Assets/Library
  artifactKey: Guid(b3df61074e5da4e4f855df7e7570a81b) Importer(815301076,1909f56bfc062723c751e8b465ee728b)
Start importing Assets/Library using Guid(b3df61074e5da4e4f855df7e7570a81b) Importer(815301076,1909f56bfc062723c751e8b465ee728b)  -> (artifact id: '2167e35e7bf96cb402da07dec972d42e') in 0.010368 seconds
  Import took 0.027842 seconds .

========================================================================
Received Import Request.
  Time since last request: 0.002043 seconds.
  path: Assets/Library
  artifactKey: Guid(b3df61074e5da4e4f855df7e7570a81b) Importer(815301076,1909f56bfc062723c751e8b465ee728b)
Start importing Assets/Library using Guid(b3df61074e5da4e4f855df7e7570a81b) Importer(815301076,1909f56bfc062723c751e8b465ee728b)  -> (artifact id: '2167e35e7bf96cb402da07dec972d42e') in 0.003767 seconds
  Import took 0.014896 seconds .

========================================================================
Received Prepare
Registering precompiled user dll's ...
Registered in 0.001408 seconds.
Begin MonoManager ReloadAssembly
Native extension for WindowsStandalone target not found
Native extension for WebGL target not found
Refreshing native plugins compatible for Editor in 0.39 ms, found 1 plugins.
Preloading 0 native plugins for Editor in 0.00 ms.
Mono: successfully reloaded assembly
- Completed reload, in  1.044 seconds
Platform modules already initialized, skipping
Refreshing native plugins compatible for Editor in 0.42 ms, found 1 plugins.
Preloading 0 native plugins for Editor in 0.00 ms.
Unloading 1807 Unused Serialized files (Serialized files now loaded: 0)
System memory in use before: 97.3 MB.
System memory in use after: 97.3 MB.

Unloading 12 unused Assets to reduce memory usage. Loaded Objects now: 2276.
Total: 2.357100 ms (FindLiveObjects: 0.238200 ms CreateObjectMapping: 0.056100 ms MarkObjects: 1.913800 ms  DeleteObjects: 0.147200 ms)

========================================================================
Received Import Request.
  Time since last request: 7.055239 seconds.
  path: Assets/UserSettings
  artifactKey: Guid(6017c8b6109e6f54fa777cc0da7765f5) Importer(815301076,1909f56bfc062723c751e8b465ee728b)
Start importing Assets/UserSettings using Guid(6017c8b6109e6f54fa777cc0da7765f5) Importer(815301076,1909f56bfc062723c751e8b465ee728b)  -> (artifact id: 'baace48b4eb9b57cf7084ff21f997153') in 0.012419 seconds
  Import took 0.023859 seconds .

========================================================================
Received Import Request.
  Time since last request: 3.158581 seconds.
  path: Assets/ProjectSettings
  artifactKey: Guid(841759a5fea48a6409a99a2bfab0d545) Importer(815301076,1909f56bfc062723c751e8b465ee728b)
Start importing Assets/ProjectSettings using Guid(841759a5fea48a6409a99a2bfab0d545) Importer(815301076,1909f56bfc062723c751e8b465ee728b)  -> (artifact id: '1a34faeca28e7c70da797c500e39b061') in 0.014212 seconds
  Import took 0.034299 seconds .

========================================================================
Received Import Request.
  Time since last request: 10.988540 seconds.
  path: Assets/Logs
  artifactKey: Guid(d30b12a4d210ee84ca5f04d4bd2354ad) Importer(815301076,1909f56bfc062723c751e8b465ee728b)
Start importing Assets/Logs using Guid(d30b12a4d210ee84ca5f04d4bd2354ad) Importer(815301076,1909f56bfc062723c751e8b465ee728b)  -> (artifact id: '8302758499a879783127d726b1808c36') in 0.011052 seconds
  Import took 0.014856 seconds .

AssetImportWorkerClient::OnTransportError - code=2 error=End of file
